0 info it worked if it ends with ok
1 verbose cli [ '/Users/chuanvo/.nvm/versions/node/v6.17.1/bin/node',
1 verbose cli   '/Users/chuanvo/.nvm/versions/node/v6.17.1/bin/npm',
1 verbose cli   'run',
1 verbose cli   'android-app-test' ]
2 info using npm@3.10.10
3 info using node@v6.17.1
4 verbose run-script [ 'preandroid-app-test',
4 verbose run-script   'android-app-test',
4 verbose run-script   'postandroid-app-test' ]
5 info lifecycle kobiton-sample@1.0.0~preandroid-app-test: kobiton-sample@1.0.0
6 silly lifecycle kobiton-sample@1.0.0~preandroid-app-test: no script for preandroid-app-test, continuing
7 info lifecycle kobiton-sample@1.0.0~android-app-test: kobiton-sample@1.0.0
8 verbose lifecycle kobiton-sample@1.0.0~android-app-test: unsafe-perm in lifecycle true
9 verbose lifecycle kobiton-sample@1.0.0~android-app-test: PATH: /Users/chuanvo/.nvm/versions/node/v6.17.1/lib/node_modules/npm/bin/node-gyp-bin:/Users/chuanvo/Desktop/Kobiton/bitrise-demo/javascript/node_modules/.bin:/Users/chuanvo/.bitrise/tools:/Users/chuanvo/.nvm/versions/node/v6.17.1/bin:/Library/Frameworks/Python.framework/Versions/2.7/bin:/usr/local/bin:/usr/bin:/bin:/usr/sbin:/sbin:/Library/Apple/usr/bin:/Library/Apple/bin
10 verbose lifecycle kobiton-sample@1.0.0~android-app-test: CWD: /Users/chuanvo/Desktop/Kobiton/bitrise-demo/javascript
11 silly lifecycle kobiton-sample@1.0.0~android-app-test: Args: [ '-c',
11 silly lifecycle   'mocha --require babel-core/register --no-timeouts android-app-test.js' ]
12 silly lifecycle kobiton-sample@1.0.0~android-app-test: Returned: code: 1  signal: null
13 info lifecycle kobiton-sample@1.0.0~android-app-test: Failed to exec android-app-test script
14 verbose stack Error: kobiton-sample@1.0.0 android-app-test: `mocha --require babel-core/register --no-timeouts android-app-test.js`
14 verbose stack Exit status 1
14 verbose stack     at EventEmitter.<anonymous> (/Users/chuanvo/.nvm/versions/node/v6.17.1/lib/node_modules/npm/lib/utils/lifecycle.js:255:16)
14 verbose stack     at emitTwo (events.js:106:13)
14 verbose stack     at EventEmitter.emit (events.js:191:7)
14 verbose stack     at ChildProcess.<anonymous> (/Users/chuanvo/.nvm/versions/node/v6.17.1/lib/node_modules/npm/lib/utils/spawn.js:40:14)
14 verbose stack     at emitTwo (events.js:106:13)
14 verbose stack     at ChildProcess.emit (events.js:191:7)
14 verbose stack     at maybeClose (internal/child_process.js:920:16)
14 verbose stack     at Process.ChildProcess._handle.onexit (internal/child_process.js:230:5)
15 verbose pkgid kobiton-sample@1.0.0
16 verbose cwd /Users/chuanvo/Desktop/Kobiton/bitrise-demo/javascript
17 error Darwin 19.0.0
18 error argv "/Users/chuanvo/.nvm/versions/node/v6.17.1/bin/node" "/Users/chuanvo/.nvm/versions/node/v6.17.1/bin/npm" "run" "android-app-test"
19 error node v6.17.1
20 error npm  v3.10.10
21 error code ELIFECYCLE
22 error kobiton-sample@1.0.0 android-app-test: `mocha --require babel-core/register --no-timeouts android-app-test.js`
22 error Exit status 1
23 error Failed at the kobiton-sample@1.0.0 android-app-test script 'mocha --require babel-core/register --no-timeouts android-app-test.js'.
23 error Make sure you have the latest version of node.js and npm installed.
23 error If you do, this is most likely a problem with the kobiton-sample package,
23 error not with npm itself.
23 error Tell the author that this fails on your system:
23 error     mocha --require babel-core/register --no-timeouts android-app-test.js
23 error You can get information on how to open an issue for this project with:
23 error     npm bugs kobiton-sample
23 error Or if that isn't available, you can get their info via:
23 error     npm owner ls kobiton-sample
23 error There is likely additional logging output above.
24 verbose exit [ 1, true ]
